<?xml version="1.0" encoding="UTF-8"?>
<testsuite xmlns:xsi="http://www.w3.org/2001/XMLSchema-instance" xsi:noNamespaceSchemaLocation="https://maven.apache.org/surefire/maven-surefire-plugin/xsd/surefire-test-report.xsd" name="com.payment.test.PaymentServiceTest" time="0.506" tests="1" errors="1" skipped="0" failures="0">
  <properties>
[...]
</properties>
  <testcase name="savePayment" classname="com.payment.test.PaymentServiceTest" time="0.484">
    <error message="&#10;Argument passed to when() is null!&#10;Example of correct stubbing:&#10;    doThrow(new RuntimeException()).when(mock).someMethod();&#10;Also, if you use @Mock annotation don&apos;t miss initMocks()" type="org.mockito.exceptions.misusing.NullInsteadOfMockException">org.mockito.exceptions.misusing.NullInsteadOfMockException: 

Argument passed to when() is null!
Example of correct stubbing:
    doThrow(new RuntimeException()).when(mock).someMethod();
Also, if you use @Mock annotation don't miss initMocks()
	at com.payment.test.PaymentServiceTest.savePayment(PaymentServiceTest.java:38)
</error>
  </testcase>
</testsuite>